<?xml version="1.0" encoding="UTF-8"?>
<testsuite name="RectangleTest" tests="5" skipped="0" failures="0" errors="0" timestamp="2017-07-06T00:20:32" hostname="epicodus-105.local" time="0.001">
  <properties/>
  <testcase name="newRectangle_getsLength_2" classname="RectangleTest" time="0.001"/>
  <testcase name="area_returnsAreaOfRectangle_450" classname="RectangleTest" time="0.0"/>
  <testcase name="newRectangle_getsWidth_4" classname="RectangleTest" time="0.0"/>
  <testcase name="newRectangle_instantiatesCorrectly" classname="RectangleTest" time="0.0"/>
  <testcase name="isSquare_whenNotASquare_false" classname="RectangleTest" time="0.0"/>
  <system-out><![CDATA[]]></system-out>
  <system-err><![CDATA[]]></system-err>
</testsuite>
