<?xml version="1.0" encoding="UTF-8"?>
<testsuite name="CubeTest" tests="4" skipped="0" failures="0" errors="0" timestamp="2017-07-06T00:20:32" hostname="epicodus-105.local" time="0.002">
  <properties/>
  <testcase name="newCube_savesRectangleInfo_Rectangle" classname="CubeTest" time="0.001"/>
  <testcase name="surfaceArea_determineSurfaceAreaOfCube_5400" classname="CubeTest" time="0.0"/>
  <testcase name="volume_determineVolumeOfCube_27000" classname="CubeTest" time="0.0"/>
  <testcase name="newCube_instantiatesCorrectly" classname="CubeTest" time="0.0"/>
  <system-out><![CDATA[]]></system-out>
  <system-err><![CDATA[]]></system-err>
</testsuite>
